app/build/intermediates/manifest_merge_blame_file/debug/manifest-merger-blame-debug-report.txt
1<?xml version="1.0" encoding="utf-8"?>
2<manifest xmlns:android="http://schemas.android.com/apk/res/android"
3    package="id.aryad.sipasar"
4    android:versionCode="1"
5    android:versionName="1.0" >
6
7    <uses-sdk
8        android:minSdkVersion="22"
8-->src\main\AndroidManifest.xml
9        android:targetSdkVersion="30" />
9-->src\main\AndroidManifest.xml
10
11    <application
11-->src\main\AndroidManifest.xml:5:5-44:19
12        android:allowBackup="true"
12-->src\main\AndroidManifest.xml:6:9-35
13        android:appComponentFactory="androidx.core.app.CoreComponentFactory"
13-->[androidx.core:core:1.3.1] AndroidManifest.xml:24:18-86
14        android:debuggable="true"
15        android:icon="@drawable/logo_sipasar"
15-->src\main\AndroidManifest.xml:7:9-46
16        android:label="@string/app_name"
16-->src\main\AndroidManifest.xml:8:9-41
17        android:roundIcon="@drawable/logo_sipasar"
17-->src\main\AndroidManifest.xml:9:9-51
18        android:supportsRtl="true"
18-->src\main\AndroidManifest.xml:10:9-35
19        android:testOnly="true"
20        android:theme="@style/Theme.SerahTerimaPembayaran" >
20-->src\main\AndroidManifest.xml:11:9-59
21        <activity
21-->src\main\AndroidManifest.xml:12:9-13:58
22            android:name="id.aryad.sipasar.RincianRekapTerimaKontrakActivity"
22-->src\main\AndroidManifest.xml:12:19-68
23            android:label="Terima Pembayaran" />
23-->src\main\AndroidManifest.xml:13:13-46
24        <activity
24-->src\main\AndroidManifest.xml:14:9-15:48
25            android:name="id.aryad.sipasar.RincianRekapTerimaIuranActivity"
25-->src\main\AndroidManifest.xml:14:19-66
26            android:label="Terima Pembayaran" />
26-->src\main\AndroidManifest.xml:15:13-46
27        <activity
27-->src\main\AndroidManifest.xml:16:9-17:48
28            android:name="id.aryad.sipasar.TerimaActivity"
28-->src\main\AndroidManifest.xml:16:19-49
29            android:label="Terima Pembayaran" />
29-->src\main\AndroidManifest.xml:17:13-46
30        <activity android:name="id.aryad.sipasar.LoginActivity" />
30-->src\main\AndroidManifest.xml:18:9-51
30-->src\main\AndroidManifest.xml:18:19-48
31        <activity
31-->src\main\AndroidManifest.xml:19:9-21:51
32            android:name="id.aryad.sipasar.DetailKontrakActivity"
32-->src\main\AndroidManifest.xml:20:13-50
33            android:label="Serahkan Pembayaran" />
33-->src\main\AndroidManifest.xml:21:13-48
34        <activity
34-->src\main\AndroidManifest.xml:22:9-24:51
35            android:name="id.aryad.sipasar.DetailIuranActivity"
35-->src\main\AndroidManifest.xml:23:13-48
36            android:label="Serahkan Pembayaran" />
36-->src\main\AndroidManifest.xml:24:13-48
37        <activity
37-->src\main\AndroidManifest.xml:25:9-27:51
38            android:name="id.aryad.sipasar.RincianKontrakActivity"
38-->src\main\AndroidManifest.xml:26:13-51
39            android:label="Serahkan Pembayaran" />
39-->src\main\AndroidManifest.xml:27:13-48
40        <activity
40-->src\main\AndroidManifest.xml:28:9-30:51
41            android:name="id.aryad.sipasar.PilihManagerActivity"
41-->src\main\AndroidManifest.xml:29:13-49
42            android:label="Serahkan Pembayaran" />
42-->src\main\AndroidManifest.xml:30:13-48
43        <activity
43-->src\main\AndroidManifest.xml:31:9-33:51
44            android:name="id.aryad.sipasar.RincianIuranActivity"
44-->src\main\AndroidManifest.xml:32:13-49
45            android:label="Serahkan Pembayaran" />
45-->src\main\AndroidManifest.xml:33:13-48
46        <activity
46-->src\main\AndroidManifest.xml:34:9-36:51
47            android:name="id.aryad.sipasar.SerahActivity"
47-->src\main\AndroidManifest.xml:35:13-42
48            android:label="Serahkan Pembayaran" />
48-->src\main\AndroidManifest.xml:36:13-48
49        <activity android:name="id.aryad.sipasar.SplashActivity" >
49-->src\main\AndroidManifest.xml:37:9-43:20
49-->src\main\AndroidManifest.xml:37:19-49
50            <intent-filter>
50-->src\main\AndroidManifest.xml:38:13-42:29
51                <action android:name="android.intent.action.MAIN" />
51-->src\main\AndroidManifest.xml:39:17-69
51-->src\main\AndroidManifest.xml:39:25-66
52
53                <category android:name="android.intent.category.LAUNCHER" />
53-->src\main\AndroidManifest.xml:41:17-77
53-->src\main\AndroidManifest.xml:41:27-74
54            </intent-filter>
55        </activity>
56    </application>
57
58</manifest>